Build started 12/18/2014 2:33:52 PM.
     1>Project "E:\CSE_167_Final_Project_12-11-2014\CSE_167_Final_Project\FinajProj\FinajProj\FinajProj.vcxproj" on node 2 (Build target(s)).
     1>ClCompile:
         C:\Program Files (x86)\Microsoft Visual Studio 12.0\VC\bin\CL.exe /c /ZI /nologo /W3 /WX- /Od /Oy- /D WIN32 /D _DEBUG /D _CONSOLE /D _LIB /D _UNICODE /D UNICODE /Gm /EHsc /RTC1 /MDd /GS /fp:precise /Zc:wchar_t /Zc:forScope /Fo"Debug\\" /Fd"Debug\vc120.pdb" /Gd /TP /analyze- /errorReport:prompt main.cpp
         main.cpp
     1>e:\cse_167_final_project_12-11-2014\cse_167_final_project\finajproj\finajproj\threemaxloader.h(60): warning C4996: 'filelength': The POSIX name for this item is deprecated. Instead, use the ISO C++ conformant name: _filelength. See online help for details.
                 c:\program files (x86)\microsoft visual studio 12.0\vc\include\io.h(331) : see declaration of 'filelength'
     1>e:\cse_167_final_project_12-11-2014\cse_167_final_project\finajproj\finajproj\threemaxloader.h(60): warning C4996: 'fileno': The POSIX name for this item is deprecated. Instead, use the ISO C++ conformant name: _fileno. See online help for details.
                 c:\program files (x86)\microsoft visual studio 12.0\vc\include\stdio.h(718) : see declaration of 'fileno'
     1>e:\cse_167_final_project_12-11-2014\cse_167_final_project\finajproj\finajproj\main.cpp(153): warning C4018: '<' : signed/unsigned mismatch
     1>e:\cse_167_final_project_12-11-2014\cse_167_final_project\finajproj\finajproj\main.cpp(619): warning C4018: '>=' : signed/unsigned mismatch
     1>e:\cse_167_final_project_12-11-2014\cse_167_final_project\finajproj\finajproj\main.cpp(621): warning C4018: '<' : signed/unsigned mismatch
     1>e:\cse_167_final_project_12-11-2014\cse_167_final_project\finajproj\finajproj\main.cpp(838): warning C4010: single-line comment contains line-continuation character
       Link:
         C:\Program Files (x86)\Microsoft Visual Studio 12.0\VC\bin\link.exe /ERRORREPORT:PROMPT /OUT:"E:\CSE_167_Final_Project_12-11-2014\CSE_167_Final_Project\FinajProj\Debug\FinajProj.exe" /INCREMENTAL /NOLOGO kernel32.lib user32.lib gdi32.lib winspool.lib comdlg32.lib advapi32.lib shell32.lib ole32.lib oleaut32.lib uuid.lib odbc32.lib odbccp32.lib /MANIFEST /MANIFESTUAC:"level='asInvoker' uiAccess='false'" /manifest:embed /DEBUG /PDB:"E:\CSE_167_Final_Project_12-11-2014\CSE_167_Final_Project\FinajProj\Debug\FinajProj.pdb" /SUBSYSTEM:CONSOLE /TLBID:1 /DYNAMICBASE /NXCOMPAT /IMPLIB:"E:\CSE_167_Final_Project_12-11-2014\CSE_167_Final_Project\FinajProj\Debug\FinajProj.lib" /MACHINE:X86 Debug\Airplane.obj
         Debug\bezier.obj
         Debug\Bitmap.obj
         Debug\Camera.obj
         Debug\GLee.obj
         Debug\main.obj
         Debug\Matrix4.obj
         Debug\Model_OBJ.obj
         Debug\OBJParser.obj
         Debug\Skybox.obj
         Debug\ThreeMaxLoader.obj
         Debug\Vector3.obj
         Debug\Vector4.obj
         FinajProj.vcxproj -> E:\CSE_167_Final_Project_12-11-2014\CSE_167_Final_Project\FinajProj\Debug\FinajProj.exe
     1>Done Building Project "E:\CSE_167_Final_Project_12-11-2014\CSE_167_Final_Project\FinajProj\FinajProj\FinajProj.vcxproj" (Build target(s)).

Build succeeded.

Time Elapsed 00:00:10.70
